  main.cpp
e:\mosaic\mosaic\mosaic\inireader.h(163): warning C4996: 'strncpy': This function or variable may be unsafe. Consider using strncpy_s instead. To disable deprecation, use _CRT_SECURE_NO_WARNINGS. See online help for details.
  e:\windows kits\10\include\10.0.17763.0\ucrt\string.h(338): note: see declaration of 'strncpy'
e:\mosaic\mosaic\mosaic\inireader.h(292): warning C4996: 'fopen': This function or variable may be unsafe. Consider using fopen_s instead. To disable deprecation, use _CRT_SECURE_NO_WARNINGS. See online help for details.
  e:\windows kits\10\include\10.0.17763.0\ucrt\stdio.h(208): note: see declaration of 'fopen'
e:\mosaic\mosaic\mosaic\main.cpp(135): warning C4244: '=': conversion from 'double' to 'float', possible loss of data
e:\mosaic\mosaic\mosaic\main.cpp(164): warning C4244: '=': conversion from 'double' to 'float', possible loss of data
e:\mosaic\mosaic\mosaic\main.cpp(247): warning C4267: 'return': conversion from 'size_t' to 'int', possible loss of data
e:\mosaic\mosaic\mosaic\main.cpp(265): warning C4244: '=': conversion from 'double' to 'float', possible loss of data
e:\mosaic\mosaic\mosaic\main.cpp(547): warning C4244: 'argument': conversion from 'double' to 'unsigned int', possible loss of data
e:\mosaic\mosaic\mosaic\main.cpp(548): warning C4244: 'argument': conversion from 'double' to 'unsigned int', possible loss of data
e:\mosaic\mosaic\mosaic\main.cpp(564): warning C4244: 'argument': conversion from 'double' to 'sf::Uint8', possible loss of data
e:\mosaic\mosaic\mosaic\main.cpp(587): warning C4305: 'argument': truncation from 'double' to 'T'
          with
          [
              T=float
          ]
e:\mosaic\mosaic\mosaic\main.cpp(593): warning C4244: 'argument': conversion from 'double' to 'sf::Uint8', possible loss of data
e:\mosaic\mosaic\mosaic\main.cpp(609): warning C4305: 'argument': truncation from 'double' to 'T'
          with
          [
              T=float
          ]
e:\mosaic\mosaic\mosaic\main.cpp(617): warning C4018: '>': signed/unsigned mismatch
e:\mosaic\mosaic\mosaic\main.cpp(627): warning C4305: 'argument': truncation from 'double' to 'T'
          with
          [
              T=float
          ]
e:\mosaic\mosaic\mosaic\main.cpp(635): warning C4018: '<': signed/unsigned mismatch
e:\mosaic\mosaic\mosaic\main.cpp(645): warning C4244: 'initializing': conversion from 'float' to 'int', possible loss of data
e:\mosaic\mosaic\mosaic\main.cpp(646): warning C4244: 'initializing': conversion from 'float' to 'int', possible loss of data
e:\mosaic\mosaic\mosaic\main.cpp(649): warning C4018: '<': signed/unsigned mismatch
e:\mosaic\mosaic\mosaic\main.cpp(676): warning C4305: 'argument': truncation from 'double' to 'T'
          with
          [
              T=float
          ]
e:\mosaic\mosaic\mosaic\main.cpp(682): warning C4244: 'argument': conversion from 'double' to 'sf::Uint8', possible loss of data
e:\mosaic\mosaic\mosaic\main.cpp(703): warning C4244: 'argument': conversion from 'float' to 'unsigned int', possible loss of data
e:\mosaic\mosaic\mosaic\main.cpp(726): warning C4244: 'argument': conversion from 'double' to 'sf::Uint8', possible loss of data
e:\mosaic\mosaic\mosaic\main.cpp(743): warning C4244: 'argument': conversion from 'unsigned int' to 'float', possible loss of data
e:\mosaic\mosaic\mosaic\main.cpp(746): warning C4018: '<': signed/unsigned mismatch
e:\mosaic\mosaic\mosaic\main.cpp(333): warning C4996: 'sf::Text::setColor': was declared deprecated
  e:\sfml64\include\sfml\graphics\text.hpp(210): note: see declaration of 'sf::Text::setColor'
e:\mosaic\mosaic\mosaic\main.cpp(340): warning C4996: 'sf::Text::setColor': was declared deprecated
  e:\sfml64\include\sfml\graphics\text.hpp(210): note: see declaration of 'sf::Text::setColor'
e:\mosaic\mosaic\mosaic\main.cpp(427): warning C4996: 'sf::RenderWindow::capture': was declared deprecated
  e:\sfml64\include\sfml\graphics\renderwindow.hpp(158): note: see declaration of 'sf::RenderWindow::capture'
e:\mosaic\mosaic\mosaic\main.cpp(291): warning C4700: uninitialized local variable 'monitor' used
  .NETFramework,Version=v4.0.AssemblyAttributes.cpp
sfml-graphics-s.lib(Shader.cpp.obj) : error LNK2038: mismatch detected for '_ITERATOR_DEBUG_LEVEL': value '0' doesn't match value '2' in main.obj
sfml-graphics-s.lib(Shader.cpp.obj) : error LNK2038: mismatch detected for 'RuntimeLibrary': value 'MD_DynamicRelease' doesn't match value 'MDd_DynamicDebug' in main.obj
sfml-graphics-s.lib(Sprite.cpp.obj) : error LNK2038: mismatch detected for '_ITERATOR_DEBUG_LEVEL': value '0' doesn't match value '2' in main.obj
sfml-graphics-s.lib(Sprite.cpp.obj) : error LNK2038: mismatch detected for 'RuntimeLibrary': value 'MD_DynamicRelease' doesn't match value 'MDd_DynamicDebug' in main.obj
sfml-graphics-s.lib(Glsl.cpp.obj) : error LNK2038: mismatch detected for '_ITERATOR_DEBUG_LEVEL': value '0' doesn't match value '2' in main.obj
sfml-graphics-s.lib(Glsl.cpp.obj) : error LNK2038: mismatch detected for 'RuntimeLibrary': value 'MD_DynamicRelease' doesn't match value 'MDd_DynamicDebug' in main.obj
sfml-graphics-s.lib(Texture.cpp.obj) : error LNK2038: mismatch detected for '_ITERATOR_DEBUG_LEVEL': value '0' doesn't match value '2' in main.obj
sfml-graphics-s.lib(Texture.cpp.obj) : error LNK2038: mismatch detected for 'RuntimeLibrary': value 'MD_DynamicRelease' doesn't match value 'MDd_DynamicDebug' in main.obj
sfml-graphics-s.lib(GLExtensions.cpp.obj) : error LNK2038: mismatch detected for '_ITERATOR_DEBUG_LEVEL': value '0' doesn't match value '2' in main.obj
sfml-graphics-s.lib(GLExtensions.cpp.obj) : error LNK2038: mismatch detected for 'RuntimeLibrary': value 'MD_DynamicRelease' doesn't match value 'MDd_DynamicDebug' in main.obj
sfml-graphics-s.lib(Transform.cpp.obj) : error LNK2038: mismatch detected for '_ITERATOR_DEBUG_LEVEL': value '0' doesn't match value '2' in main.obj
sfml-graphics-s.lib(Transform.cpp.obj) : error LNK2038: mismatch detected for 'RuntimeLibrary': value 'MD_DynamicRelease' doesn't match value 'MDd_DynamicDebug' in main.obj
sfml-graphics-s.lib(Transformable.cpp.obj) : error LNK2038: mismatch detected for '_ITERATOR_DEBUG_LEVEL': value '0' doesn't match value '2' in main.obj
sfml-graphics-s.lib(Transformable.cpp.obj) : error LNK2038: mismatch detected for 'RuntimeLibrary': value 'MD_DynamicRelease' doesn't match value 'MDd_DynamicDebug' in main.obj
sfml-graphics-s.lib(RenderTarget.cpp.obj) : error LNK2038: mismatch detected for '_ITERATOR_DEBUG_LEVEL': value '0' doesn't match value '2' in main.obj
sfml-graphics-s.lib(RenderTarget.cpp.obj) : error LNK2038: mismatch detected for 'RuntimeLibrary': value 'MD_DynamicRelease' doesn't match value 'MDd_DynamicDebug' in main.obj
sfml-graphics-s.lib(Image.cpp.obj) : error LNK2038: mismatch detected for '_ITERATOR_DEBUG_LEVEL': value '0' doesn't match value '2' in main.obj
sfml-graphics-s.lib(Image.cpp.obj) : error LNK2038: mismatch detected for 'RuntimeLibrary': value 'MD_DynamicRelease' doesn't match value 'MDd_DynamicDebug' in main.obj
sfml-graphics-s.lib(Color.cpp.obj) : error LNK2038: mismatch detected for '_ITERATOR_DEBUG_LEVEL': value '0' doesn't match value '2' in main.obj
sfml-graphics-s.lib(Color.cpp.obj) : error LNK2038: mismatch detected for 'RuntimeLibrary': value 'MD_DynamicRelease' doesn't match value 'MDd_DynamicDebug' in main.obj
sfml-graphics-s.lib(View.cpp.obj) : error LNK2038: mismatch detected for '_ITERATOR_DEBUG_LEVEL': value '0' doesn't match value '2' in main.obj
sfml-graphics-s.lib(View.cpp.obj) : error LNK2038: mismatch detected for 'RuntimeLibrary': value 'MD_DynamicRelease' doesn't match value 'MDd_DynamicDebug' in main.obj
sfml-graphics-s.lib(VertexBuffer.cpp.obj) : error LNK2038: mismatch detected for '_ITERATOR_DEBUG_LEVEL': value '0' doesn't match value '2' in main.obj
sfml-graphics-s.lib(VertexBuffer.cpp.obj) : error LNK2038: mismatch detected for 'RuntimeLibrary': value 'MD_DynamicRelease' doesn't match value 'MDd_DynamicDebug' in main.obj
sfml-graphics-s.lib(ImageLoader.cpp.obj) : error LNK2038: mismatch detected for '_ITERATOR_DEBUG_LEVEL': value '0' doesn't match value '2' in main.obj
sfml-graphics-s.lib(ImageLoader.cpp.obj) : error LNK2038: mismatch detected for 'RuntimeLibrary': value 'MD_DynamicRelease' doesn't match value 'MDd_DynamicDebug' in main.obj
LINK : warning LNK4098: defaultlib 'MSVCRT' conflicts with use of other libs; use /NODEFAULTLIB:library
sfml-graphics-s.lib(Text.cpp.obj) : error LNK2038: mismatch detected for '_ITERATOR_DEBUG_LEVEL': value '0' doesn't match value '2' in main.obj
sfml-graphics-s.lib(Text.cpp.obj) : error LNK2038: mismatch detected for 'RuntimeLibrary': value 'MD_DynamicRelease' doesn't match value 'MDd_DynamicDebug' in main.obj
sfml-graphics-s.lib(Font.cpp.obj) : error LNK2038: mismatch detected for '_ITERATOR_DEBUG_LEVEL': value '0' doesn't match value '2' in main.obj
sfml-graphics-s.lib(Font.cpp.obj) : error LNK2038: mismatch detected for 'RuntimeLibrary': value 'MD_DynamicRelease' doesn't match value 'MDd_DynamicDebug' in main.obj
sfml-graphics-s.lib(RectangleShape.cpp.obj) : error LNK2038: mismatch detected for '_ITERATOR_DEBUG_LEVEL': value '0' doesn't match value '2' in main.obj
sfml-graphics-s.lib(RectangleShape.cpp.obj) : error LNK2038: mismatch detected for 'RuntimeLibrary': value 'MD_DynamicRelease' doesn't match value 'MDd_DynamicDebug' in main.obj
sfml-graphics-s.lib(Shape.cpp.obj) : error LNK2038: mismatch detected for '_ITERATOR_DEBUG_LEVEL': value '0' doesn't match value '2' in main.obj
sfml-graphics-s.lib(Shape.cpp.obj) : error LNK2038: mismatch detected for 'RuntimeLibrary': value 'MD_DynamicRelease' doesn't match value 'MDd_DynamicDebug' in main.obj
sfml-graphics-s.lib(RenderWindow.cpp.obj) : error LNK2038: mismatch detected for '_ITERATOR_DEBUG_LEVEL': value '0' doesn't match value '2' in main.obj
sfml-graphics-s.lib(RenderWindow.cpp.obj) : error LNK2038: mismatch detected for 'RuntimeLibrary': value 'MD_DynamicRelease' doesn't match value 'MDd_DynamicDebug' in main.obj
sfml-graphics-s.lib(VertexArray.cpp.obj) : error LNK2038: mismatch detected for '_ITERATOR_DEBUG_LEVEL': value '0' doesn't match value '2' in main.obj
sfml-graphics-s.lib(VertexArray.cpp.obj) : error LNK2038: mismatch detected for 'RuntimeLibrary': value 'MD_DynamicRelease' doesn't match value 'MDd_DynamicDebug' in main.obj
sfml-graphics-s.lib(RenderTextureImplFBO.cpp.obj) : error LNK2038: mismatch detected for '_ITERATOR_DEBUG_LEVEL': value '0' doesn't match value '2' in main.obj
sfml-graphics-s.lib(RenderTextureImplFBO.cpp.obj) : error LNK2038: mismatch detected for 'RuntimeLibrary': value 'MD_DynamicRelease' doesn't match value 'MDd_DynamicDebug' in main.obj
main.obj : warning LNK4049: locally defined symbol ?White@Color@sf@@2V12@B (public: static class sf::Color const sf::Color::White) imported
main.obj : error LNK2028: unresolved token (0A0002CA) "public: class sf::Image & __cdecl sf::Image::operator=(class sf::Image const &)" (??4Image@sf@@$$FQEAAAEAV01@AEBV01@@Z) referenced in function __catch$?main@@$$HYAHXZ$2
main.obj : error LNK2028: unresolved token (0A0002CD) "public: class sf::Sprite & __cdecl sf::Sprite::operator=(class sf::Sprite const &)" (??4Sprite@sf@@$$FQEAAAEAV01@AEBV01@@Z) referenced in function __catch$?main@@$$HYAHXZ$2
main.obj : error LNK2020: unresolved token (0A000BAD) "__declspec(dllimport) public: static class sf::RenderStates const sf::RenderStates::Default" (__imp_?Default@RenderStates@sf@@2V12@B)
main.obj : error LNK2019: unresolved external symbol "public: class sf::Image & __cdecl sf::Image::operator=(class sf::Image const &)" (??4Image@sf@@$$FQEAAAEAV01@AEBV01@@Z) referenced in function __catch$?main@@$$HYAHXZ$2
main.obj : error LNK2001: unresolved external symbol "__declspec(dllimport) public: static class sf::RenderStates const sf::RenderStates::Default" (__imp_?Default@RenderStates@sf@@2V12@B)
main.obj : error LNK2019: unresolved external symbol "public: class sf::Sprite & __cdecl sf::Sprite::operator=(class sf::Sprite const &)" (??4Sprite@sf@@$$FQEAAAEAV01@AEBV01@@Z) referenced in function __catch$?main@@$$HYAHXZ$2
E:\Mosaic\Mosaic\x64\Debug\Mosaic.exe : fatal error LNK1120: 6 unresolved externals
