  main.cpp
e:\mosaic\mosaic\mosaic\inireader.h(163): warning C4996: 'strncpy': This function or variable may be unsafe. Consider using strncpy_s instead. To disable deprecation, use _CRT_SECURE_NO_WARNINGS. See online help for details.
  e:\windows kits\10\include\10.0.17763.0\ucrt\string.h(338): note: see declaration of 'strncpy'
e:\mosaic\mosaic\mosaic\inireader.h(292): warning C4996: 'fopen': This function or variable may be unsafe. Consider using fopen_s instead. To disable deprecation, use _CRT_SECURE_NO_WARNINGS. See online help for details.
  e:\windows kits\10\include\10.0.17763.0\ucrt\stdio.h(208): note: see declaration of 'fopen'
e:\mosaic\mosaic\mosaic\main.cpp(136): warning C4244: '=': conversion from 'double' to 'float', possible loss of data
e:\mosaic\mosaic\mosaic\main.cpp(165): warning C4244: '=': conversion from 'double' to 'float', possible loss of data
e:\mosaic\mosaic\mosaic\main.cpp(248): warning C4267: 'return': conversion from 'size_t' to 'int', possible loss of data
e:\mosaic\mosaic\mosaic\main.cpp(266): warning C4244: '=': conversion from 'double' to 'float', possible loss of data
e:\mosaic\mosaic\mosaic\main.cpp(537): warning C4244: 'argument': conversion from 'double' to 'unsigned int', possible loss of data
e:\mosaic\mosaic\mosaic\main.cpp(538): warning C4244: 'argument': conversion from 'double' to 'unsigned int', possible loss of data
e:\mosaic\mosaic\mosaic\main.cpp(554): warning C4244: 'argument': conversion from 'double' to 'sf::Uint8', possible loss of data
e:\mosaic\mosaic\mosaic\main.cpp(577): warning C4305: 'argument': truncation from 'double' to 'T'
          with
          [
              T=float
          ]
e:\mosaic\mosaic\mosaic\main.cpp(583): warning C4244: 'argument': conversion from 'double' to 'sf::Uint8', possible loss of data
e:\mosaic\mosaic\mosaic\main.cpp(599): warning C4305: 'argument': truncation from 'double' to 'T'
          with
          [
              T=float
          ]
e:\mosaic\mosaic\mosaic\main.cpp(624): warning C4018: '>': signed/unsigned mismatch
e:\mosaic\mosaic\mosaic\main.cpp(635): warning C4305: 'argument': truncation from 'double' to 'T'
          with
          [
              T=float
          ]
e:\mosaic\mosaic\mosaic\main.cpp(643): warning C4018: '<': signed/unsigned mismatch
e:\mosaic\mosaic\mosaic\main.cpp(653): warning C4244: 'initializing': conversion from 'float' to 'int', possible loss of data
e:\mosaic\mosaic\mosaic\main.cpp(654): warning C4244: 'initializing': conversion from 'float' to 'int', possible loss of data
e:\mosaic\mosaic\mosaic\main.cpp(657): warning C4018: '<': signed/unsigned mismatch
e:\mosaic\mosaic\mosaic\main.cpp(684): warning C4305: 'argument': truncation from 'double' to 'T'
          with
          [
              T=float
          ]
e:\mosaic\mosaic\mosaic\main.cpp(690): warning C4244: 'argument': conversion from 'double' to 'sf::Uint8', possible loss of data
e:\mosaic\mosaic\mosaic\main.cpp(711): warning C4244: 'argument': conversion from 'float' to 'unsigned int', possible loss of data
e:\mosaic\mosaic\mosaic\main.cpp(734): warning C4244: 'argument': conversion from 'double' to 'sf::Uint8', possible loss of data
e:\mosaic\mosaic\mosaic\main.cpp(751): warning C4244: 'argument': conversion from 'unsigned int' to 'float', possible loss of data
e:\mosaic\mosaic\mosaic\main.cpp(754): warning C4018: '<': signed/unsigned mismatch
e:\mosaic\mosaic\mosaic\main.cpp(323): warning C4996: 'sf::Text::setColor': was declared deprecated
  e:\sfml64\include\sfml\graphics\text.hpp(210): note: see declaration of 'sf::Text::setColor'
e:\mosaic\mosaic\mosaic\main.cpp(330): warning C4996: 'sf::Text::setColor': was declared deprecated
  e:\sfml64\include\sfml\graphics\text.hpp(210): note: see declaration of 'sf::Text::setColor'
e:\mosaic\mosaic\mosaic\main.cpp(417): warning C4996: 'sf::RenderWindow::capture': was declared deprecated
  e:\sfml64\include\sfml\graphics\renderwindow.hpp(158): note: see declaration of 'sf::RenderWindow::capture'
  Mosaic.vcxproj -> E:\Mosaic\Mosaic\\Release\Mosaic.exe
