e:\mosaic\mosaic\mosaic\x64\release\vc141.pdb
e:\mosaic\mosaic\mosaic\x64\release\main.obj
e:\mosaic\mosaic\mosaic\x64\release\.netframework,version=v4.0.assemblyattributes.obj
e:\mosaic\mosaic\mosaic\x64\release\.netframework,version=v4.0.assemblyattributes.asm
e:\mosaic\mosaic\mosaic\x64\release\mosaic.res
e:\mosaic\mosaic\mosaic\x64\release\mosaic.vcxprojassemblyreference.cache
e:\mosaic\mosaic\x64\release\mosaic.pdb
e:\mosaic\mosaic\mosaic\x64\release\mosaic.tlog\cl.command.1.tlog
e:\mosaic\mosaic\mosaic\x64\release\mosaic.tlog\cl.read.1.tlog
e:\mosaic\mosaic\mosaic\x64\release\mosaic.tlog\cl.write.1.tlog
e:\mosaic\mosaic\mosaic\x64\release\mosaic.tlog\link-cvtres.read.1.tlog
e:\mosaic\mosaic\mosaic\x64\release\mosaic.tlog\link-cvtres.write.1.tlog
e:\mosaic\mosaic\mosaic\x64\release\mosaic.tlog\link-rc.read.1.tlog
e:\mosaic\mosaic\mosaic\x64\release\mosaic.tlog\link-rc.write.1.tlog
e:\mosaic\mosaic\mosaic\x64\release\mosaic.tlog\link.command.1.tlog
e:\mosaic\mosaic\mosaic\x64\release\mosaic.tlog\link.read.1.tlog
e:\mosaic\mosaic\mosaic\x64\release\mosaic.tlog\link.write.1.tlog
e:\mosaic\mosaic\mosaic\x64\release\mosaic.tlog\metagen.read.1.tlog
e:\mosaic\mosaic\mosaic\x64\release\mosaic.tlog\metagen.write.1.tlog
e:\mosaic\mosaic\mosaic\x64\release\mosaic.tlog\rc.command.1.tlog
e:\mosaic\mosaic\mosaic\x64\release\mosaic.tlog\rc.read.1.tlog
e:\mosaic\mosaic\mosaic\x64\release\mosaic.tlog\rc.write.1.tlog
