  main.cpp
e:\mosaic\mosaic\mosaic\inireader.h(163): warning C4996: 'strncpy': This function or variable may be unsafe. Consider using strncpy_s instead. To disable deprecation, use _CRT_SECURE_NO_WARNINGS. See online help for details.
  e:\windows kits\10\include\10.0.17763.0\ucrt\string.h(338): note: zobacz deklarację „strncpy”
e:\mosaic\mosaic\mosaic\inireader.h(292): warning C4996: 'fopen': This function or variable may be unsafe. Consider using fopen_s instead. To disable deprecation, use _CRT_SECURE_NO_WARNINGS. See online help for details.
  e:\windows kits\10\include\10.0.17763.0\ucrt\stdio.h(208): note: zobacz deklarację „fopen”
e:\mosaic\mosaic\mosaic\main.cpp(71): warning C4244: "=": konwersja z "double" do "float", możliwa utrata danych
e:\mosaic\mosaic\mosaic\main.cpp(120): warning C4244: "=": konwersja z "double" do "float", możliwa utrata danych
e:\mosaic\mosaic\mosaic\main.cpp(361): warning C4244: "argument": konwersja z "double" do "unsigned int", możliwa utrata danych
e:\mosaic\mosaic\mosaic\main.cpp(362): warning C4244: "argument": konwersja z "double" do "unsigned int", możliwa utrata danych
e:\mosaic\mosaic\mosaic\main.cpp(380): warning C4305: "argument": obcięcie z "double" do "T"
          with
          [
              T=float
          ]
e:\mosaic\mosaic\mosaic\main.cpp(403): warning C4018: "<": niezgodność typu ze znakiem/bez znaku
e:\mosaic\mosaic\mosaic\main.cpp(418): warning C4244: "inicjowanie": konwersja z "float" do "int", możliwa utrata danych
e:\mosaic\mosaic\mosaic\main.cpp(419): warning C4244: "inicjowanie": konwersja z "float" do "int", możliwa utrata danych
e:\mosaic\mosaic\mosaic\main.cpp(422): warning C4018: "<": niezgodność typu ze znakiem/bez znaku
e:\mosaic\mosaic\mosaic\main.cpp(451): warning C4244: "argument": konwersja z "float" do "unsigned int", możliwa utrata danych
e:\mosaic\mosaic\mosaic\main.cpp(466): warning C4244: "argument": konwersja z "unsigned int" do "float", możliwa utrata danych
e:\mosaic\mosaic\mosaic\main.cpp(470): warning C4018: "<": niezgodność typu ze znakiem/bez znaku
e:\mosaic\mosaic\mosaic\main.cpp(163): warning C4996: 'sf::Text::setColor': został uznany za przestarzały
  e:\sfml\include\sfml\graphics\text.hpp(210): note: zobacz deklarację „sf::Text::setColor”
e:\mosaic\mosaic\mosaic\main.cpp(241): warning C4996: 'sf::RenderWindow::capture': został uznany za przestarzały
  e:\sfml\include\sfml\graphics\renderwindow.hpp(158): note: zobacz deklarację „sf::RenderWindow::capture”
  Mosaic.vcxproj -> E:\Mosaic\Mosaic\Release\Mosaic.exe
